<?xml version="1.0" encoding="utf-8"?><testsuites name="pytest tests"><testsuite name="pytest" errors="0" failures="0" skipped="0" tests="9" time="1.248" timestamp="2026-09-13T15:27:25.481118-06:00" hostname="MININT-6BG0PMK"><testcase classname="tests.test_api" name="test_caso_normal_cpu_valida_se_guarda" time="0.188" /><testcase classname="tests.test_api" name="test_caso_limite_cpu_valor_minimo_0" time="0.050" /><testcase classname="tests.test_api" name="test_caso_limite_cpu_valor_maximo_100" time="0.046" /><testcase classname="tests.test_api" name="test_fallo_declarado_cpu_fuera_de_rango" time="0.033" /><testcase classname="tests.test_queries" name="test_caso_normal_lecturas_fuera_de_umbral" time="0.066" /><testcase classname="tests.test_queries" name="test_caso_vacio_sin_datos_en_rango" time="0.052" /><testcase classname="tests.test_queries" name="test_caso_limite_minimo_uno" time="0.067" /><testcase classname="tests.test_queries" name="test_caso_limite_resumen_instante_exacto" time="0.085" /><testcase classname="tests.test_queries" name="test_fallo_declarado_equipo_inexistente" time="0.057" /></testsuite></testsuites>